Net: net100
  Pin:   output100/A (sky130_fd_sc_hd__buf_1)
    Layer: mcon
      Partial area ratio:    0.15
      Required ratio:    3.00 (Gate area) 
      Cumulative area ratio:    0.15
      Required ratio:    0.00 (Cumulative area) 

    Layer: met1
      Partial area ratio:   81.62
      Required ratio:    0.00 (Gate area) 
      Cumulative area ratio:   81.62
      Required ratio:    0.00 (Cumulative area) 
      Partial area ratio:  407.18
      Required ratio:  400.00 (Side area) (VIOLATED)
      Cumulative area ratio:  407.18
      Required ratio:    0.00 (Cumulative side area) 

    Layer: via
      Partial area ratio:    0.23
      Required ratio:    6.00 (Gate area) 
      Cumulative area ratio:    0.38
      Required ratio:    0.00 (Cumulative area) 

    Layer: met2
      Partial area ratio:   65.37
      Required ratio:    0.00 (Gate area) 
      Cumulative area ratio:  147.00
      Required ratio:    0.00 (Cumulative area) 
      Partial area ratio:  326.17
      Required ratio: 2778.20 (Side area) 
      Cumulative area ratio:  733.34
      Required ratio:    0.00 (Cumulative side area) 



[INFO ANT-0002] Found 1 net violations.
[INFO ANT-0001] Found 1 pin violations.
