58. Printing statistics.

=== Timer_PWM_Generator ===

   Number of wires:               1467
   Number of wire bits:           1779
   Number of public wires:          19
   Number of public wire bits:     207
   Number of ports:                 10
   Number of port bits:            105
   Number of memories:               0
   Number of memory bits:            0
   Number of processes:              0
   Number of cells:               1613
     $_ANDNOT_                     624
     $_AND_                         39
     $_MUX_                         34
     $_NAND_                        77
     $_NOR_                         50
     $_NOT_                        106
     $_ORNOT_                      159
     $_OR_                         112
     $_XNOR_                       107
     $_XOR_                        203
     sky130_fd_sc_hd__dfrtp_2      102

   Area for cell type $_NOT_ is unknown!
   Area for cell type $_AND_ is unknown!
   Area for cell type $_NAND_ is unknown!
   Area for cell type $_OR_ is unknown!
   Area for cell type $_NOR_ is unknown!
   Area for cell type $_XOR_ is unknown!
   Area for cell type $_XNOR_ is unknown!
   Area for cell type $_ANDNOT_ is unknown!
   Area for cell type $_ORNOT_ is unknown!
   Area for cell type $_MUX_ is unknown!

   Chip area for module '\Timer_PWM_Generator': 2680.070400
     of which used for sequential elements: 2680.070400 (100.00%)

